\BOOKMARK [1][-]{section.1}{\376\377\000E\000i\000n\000l\000e\000i\000t\000u\000n\000g}{}% 1
\BOOKMARK [1][-]{section.2}{\376\377\000L\000i\000t\000e\000r\000a\000t\000u\000r}{}% 2
\BOOKMARK [1][-]{section.3}{\376\377\000P\000r\000o\000b\000l\000e\000m\000s\000t\000e\000l\000l\000u\000n\000g}{}% 3
\BOOKMARK [2][-]{subsection.3.1}{\376\377\000O\000r\000i\000e\000n\000t\000e\000e\000r\000i\000n\000g\000\040\000P\000r\000o\000b\000l\000e\000m}{section.3}% 4
\BOOKMARK [2][-]{subsection.3.2}{\376\377\000D\000u\000b\000i\000n\000s\000f\000a\000h\000r\000z\000e\000u\000g}{section.3}% 5
\BOOKMARK [2][-]{subsection.3.3}{\376\377\000D\000u\000b\000i\000n\000s\000\040\000O\000r\000i\000e\000n\000t\000e\000e\000r\000i\000n\000g\000\040\000P\000r\000o\000b\000l\000e\000m}{section.3}% 6
\BOOKMARK [1][-]{section.4}{\376\377\000L\000\366\000s\000u\000n\000g\000s\000v\000e\000r\000f\000a\000h\000r\000e\000n}{}% 7
\BOOKMARK [2][-]{subsection.4.1}{\376\377\000K\000o\000n\000s\000t\000r\000u\000k\000t\000i\000o\000n\000\040\000e\000i\000n\000e\000r\000\040\000z\000u\000l\000\344\000s\000s\000i\000g\000e\000n\000\040\000L\000\366\000s\000u\000n\000g}{section.4}% 8
\BOOKMARK [2][-]{subsection.4.2}{\376\377\000V\000e\000r\000b\000e\000s\000s\000e\000r\000u\000n\000g\000\040\000d\000e\000r\000\040\000L\000\366\000s\000u\000n\000g}{section.4}% 9
\BOOKMARK [1][-]{section.5}{\376\377\000E\000v\000a\000l\000u\000a\000t\000i\000o\000n\000\040\000d\000e\000s\000\040\000L\000\366\000s\000u\000n\000g\000s\000v\000e\000r\000f\000a\000h\000r\000e\000n\000s}{}% 10
\BOOKMARK [2][-]{subsection.5.1}{\376\377\000I\000m\000p\000l\000e\000m\000e\000n\000t\000i\000e\000r\000u\000n\000g}{section.5}% 11
\BOOKMARK [2][-]{subsection.5.2}{\376\377\000T\000e\000s\000t\000i\000n\000s\000t\000a\000n\000z\000\040\000u\000n\000d\000\040\000v\000e\000r\000w\000e\000n\000d\000e\000t\000e\000\040\000P\000a\000r\000a\000m\000e\000t\000e\000r}{section.5}% 12
\BOOKMARK [2][-]{subsection.5.3}{\376\377\000E\000i\000n\000f\000l\000\374\000s\000s\000e\000\040\000a\000u\000f\000\040\000d\000i\000e\000\040\000L\000a\000u\000f\000z\000e\000i\000t}{section.5}% 13
\BOOKMARK [2][-]{subsection.5.4}{\376\377\000E\000r\000g\000e\000b\000n\000i\000s\000s\000e}{section.5}% 14
\BOOKMARK [2][-]{subsection.5.5}{\376\377\000V\000e\000r\000b\000e\000s\000s\000e\000r\000u\000n\000g\000s\000m\000\366\000g\000l\000i\000c\000h\000k\000e\000i\000t\000e\000n\000\040\000d\000e\000s\000\040\000V\000e\000r\000f\000a\000h\000r\000e\000n\000s}{section.5}% 15
\BOOKMARK [3][-]{subsubsection.5.5.1}{\376\377\000B\000e\000r\000\374\000c\000k\000s\000i\000c\000h\000t\000i\000g\000u\000n\000g\000\040\000d\000e\000r\000\040\000Z\000u\000l\000\344\000s\000s\000i\000g\000k\000e\000i\000t\000\040\000u\000n\000d\000\040\000Z\000e\000i\000t\000p\000u\000n\000k\000t\000e\000\040\000d\000e\000r\000\040\000A\000u\000s\000r\000i\000c\000h\000t\000u\000n\000g\000s\000o\000p\000t\000i\000m\000i\000e\000r\000u\000n\000g}{subsection.5.5}% 16
\BOOKMARK [3][-]{subsubsection.5.5.2}{\376\377\000B\000e\000s\000t\000i\000m\000m\000u\000n\000g\000\040\000d\000e\000r\000\040\000e\000r\000r\000e\000i\000c\000h\000b\000a\000r\000e\000n\000\040\000Z\000i\000e\000l\000e}{subsection.5.5}% 17
\BOOKMARK [3][-]{subsubsection.5.5.3}{\376\377\000K\000o\000n\000s\000t\000r\000u\000k\000t\000i\000o\000n\000\040\000d\000e\000r\000\040\000i\000n\000i\000t\000i\000a\000l\000e\000n\000\040\000L\000\366\000s\000u\000n\000g}{subsection.5.5}% 18
\BOOKMARK [3][-]{subsubsection.5.5.4}{\376\377\000V\000e\000r\000w\000e\000n\000d\000u\000n\000g\000\040\000g\000e\000o\000m\000e\000t\000r\000i\000s\000c\000h\000e\000r\000\040\000I\000n\000f\000o\000r\000m\000a\000t\000i\000o\000n\000e\000n\000\040\000z\000u\000r\000\040\000V\000e\000r\000b\000e\000s\000s\000e\000r\000u\000n\000g\000\040\000e\000i\000n\000e\000r\000\040\000L\000\366\000s\000u\000n\000g}{subsection.5.5}% 19
\BOOKMARK [3][-]{subsubsection.5.5.5}{\376\377\000M\000o\000d\000i\000f\000i\000k\000a\000t\000i\000o\000n\000\040\000d\000e\000s\000\040\000S\000u\000c\000h\000g\000r\000a\000p\000h\000e\000n}{subsection.5.5}% 20
\BOOKMARK [1][-]{section.6}{\376\377\000Z\000u\000s\000a\000m\000m\000e\000n\000f\000a\000s\000s\000u\000n\000g}{}% 21
\BOOKMARK [1][-]{section*.16}{\376\377\000A\000b\000b\000i\000l\000d\000u\000n\000g\000s\000v\000e\000r\000z\000e\000i\000c\000h\000n\000i\000s}{}% 22
\BOOKMARK [1][-]{section*.17}{\376\377\000T\000a\000b\000e\000l\000l\000e\000n\000v\000e\000r\000z\000e\000i\000c\000h\000n\000i\000s}{}% 23
\BOOKMARK [1][-]{section*.18}{\376\377\000L\000i\000t\000e\000r\000a\000t\000u\000r\000v\000e\000r\000z\000e\000i\000c\000h\000n\000i\000s}{}% 24
